[debug] [2026-06-21T12:06:53.795Z] ----------------------------------------------------------------------
[debug] [2026-06-21T12:06:53.796Z] Command:       /opt/homebrew/Cellar/node/26.3.1/bin/node /Users/leonard/.npm/_npx/ba4f1959e38407b5/node_modules/.bin/firebase projects:list
[debug] [2026-06-21T12:06:53.796Z] CLI Version:   15.22.0
[debug] [2026-06-21T12:06:53.796Z] Platform:      darwin
[debug] [2026-06-21T12:06:53.796Z] Node Version:  v26.3.1
[debug] [2026-06-21T12:06:53.796Z] Detected Agent: antigravity
[debug] [2026-06-21T12:06:53.796Z] Time:          Sun Jun 21 2026 14:06:53 GMT+0200 (Central European Summer Time)
[debug] [2026-06-21T12:06:53.796Z] ----------------------------------------------------------------------
[debug] 
[debug] [2026-06-21T12:06:53.797Z] >>> [apiv2][query] GET https://firebase-public.firebaseio.com/cli.json [none]
[debug] [2026-06-21T12:06:53.811Z] > command requires scopes: ["email","openid","https://www.googleapis.com/auth/cloudplatformprojects.readonly","https://www.googleapis.com/auth/firebase","https://www.googleapis.com/auth/cloud-platform"]
[debug] [2026-06-21T12:06:53.811Z] > authorizing via signed-in user (tcmarketing.limited@gmail.com)
[debug] [2026-06-21T12:06:53.812Z] Checked if tokens are valid: false, expires at: 1780950421574
[debug] [2026-06-21T12:06:53.812Z] Checked if tokens are valid: false, expires at: 1780950421574
[debug] [2026-06-21T12:06:53.812Z] > refreshing access token with scopes: []
[debug] [2026-06-21T12:06:53.812Z] >>> [apiv2][query] POST https://www.googleapis.com/oauth2/v3/token [none]
[debug] [2026-06-21T12:06:53.812Z] >>> [apiv2][body] POST https://www.googleapis.com/oauth2/v3/token [omitted]
[error] Authentication Error: Your credentials are no longer valid. Please run firebase login --reauth

For CI servers and headless environments, generate a new token with firebase login:ci
[debug] [2026-06-21T12:06:54.025Z] Authentication Error: Your credentials are no longer valid. Please run firebase login --reauth

For CI servers and headless environments, generate a new token with firebase login:ci
[debug] [2026-06-21T12:06:54.026Z] FirebaseError: Authentication Error: Your credentials are no longer valid. Please run firebase login --reauth

For CI servers and headless environments, generate a new token with firebase login:ci
    at invalidCredentialError (/Users/leonard/.npm/_npx/ba4f1959e38407b5/node_modules/firebase-tools/lib/auth.js:176:12)
    at refreshTokens (/Users/leonard/.npm/_npx/ba4f1959e38407b5/node_modules/firebase-tools/lib/auth.js:589:15)
    at process.processTicksAndRejections (node:internal/process/task_queues:104:5)
    at async getAccessToken (/Users/leonard/.npm/_npx/ba4f1959e38407b5/node_modules/firebase-tools/lib/apiv2.js:52:18)
    at async Client.addAuthHeader (/Users/leonard/.npm/_npx/ba4f1959e38407b5/node_modules/firebase-tools/lib/apiv2.js:182:21)
    at async Client.request (/Users/leonard/.npm/_npx/ba4f1959e38407b5/node_modules/firebase-tools/lib/apiv2.js:129:34)
    at async getProjectPage (/Users/leonard/.npm/_npx/ba4f1959e38407b5/node_modules/firebase-tools/lib/management/projects.js:287:17)
    at async getFirebaseProjectPage (/Users/leonard/.npm/_npx/ba4f1959e38407b5/node_modules/firebase-tools/lib/management/projects.js:304:23)
    at async listFirebaseProjects (/Users/leonard/.npm/_npx/ba4f1959e38407b5/node_modules/firebase-tools/lib/management/projects.js:333:29)
    at async Command.actionFn (/Users/leonard/.npm/_npx/ba4f1959e38407b5/node_modules/firebase-tools/lib/commands/projects-list.js:51:20)
[error] 
[error] Error: Failed to list Firebase projects. See firebase-debug.log for more info.
[debug] [2026-06-21T12:06:54.277Z] <<< [apiv2][status] GET https://firebase-public.firebaseio.com/cli.json 200
